C:\Program Files (x86)\Microsoft Visual Studio\2019\Community\MSBuild\Microsoft\VC\v160\Microsoft.CppBuild.targets(513,5): warning MSB8028: El directorio intermedio (Debug\) contiene archivos compartidos de otro proyecto (MiLibreriaTest.vcxproj). Esto puede dar lugar a un comportamiento incorrecto de limpieza y recompilación.
  UnitTest.cpp
F:\NUEVO SEMESTRE\ESTRUCTURA DE DATOS-7167\copia Estructuras de Datos\datastructure-group1\PARCIAL 1\01.- Operacion Con Fracciones\MiLibreriaTest\UnitTest.cpp(32,2): error C2059: error de sintaxis: '}'
F:\NUEVO SEMESTRE\ESTRUCTURA DE DATOS-7167\copia Estructuras de Datos\datastructure-group1\PARCIAL 1\01.- Operacion Con Fracciones\MiLibreriaTest\UnitTest.cpp(32,2): error C2143: error de sintaxis: falta ';' delante de '}'
F:\NUEVO SEMESTRE\ESTRUCTURA DE DATOS-7167\copia Estructuras de Datos\datastructure-group1\PARCIAL 1\01.- Operacion Con Fracciones\MiLibreriaTest\UnitTest.cpp(16,23): error C2955: 'Operations': el uso de clase plantilla requiere una lista de argumentos de plantilla
F:\NUEVO SEMESTRE\ESTRUCTURA DE DATOS-7167\copia Estructuras de Datos\datastructure-group1\PARCIAL 1\01.- Operacion Con Fracciones\Code\Operations.h(21): message : vea la declaración de 'Operations'
F:\NUEVO SEMESTRE\ESTRUCTURA DE DATOS-7167\copia Estructuras de Datos\datastructure-group1\PARCIAL 1\01.- Operacion Con Fracciones\MiLibreriaTest\UnitTest.cpp(18,10): error C2059: error de sintaxis: '.'
F:\NUEVO SEMESTRE\ESTRUCTURA DE DATOS-7167\copia Estructuras de Datos\datastructure-group1\PARCIAL 1\01.- Operacion Con Fracciones\MiLibreriaTest\UnitTest.cpp(25,23): error C2955: 'Operations': el uso de clase plantilla requiere una lista de argumentos de plantilla
F:\NUEVO SEMESTRE\ESTRUCTURA DE DATOS-7167\copia Estructuras de Datos\datastructure-group1\PARCIAL 1\01.- Operacion Con Fracciones\Code\Operations.h(21): message : vea la declaración de 'Operations'
F:\NUEVO SEMESTRE\ESTRUCTURA DE DATOS-7167\copia Estructuras de Datos\datastructure-group1\PARCIAL 1\01.- Operacion Con Fracciones\MiLibreriaTest\UnitTest.cpp(27,10): error C2059: error de sintaxis: '.'
F:\NUEVO SEMESTRE\ESTRUCTURA DE DATOS-7167\copia Estructuras de Datos\datastructure-group1\PARCIAL 1\01.- Operacion Con Fracciones\MiLibreriaTest\UnitTest.cpp(33,1): error C2059: error de sintaxis: '}'
F:\NUEVO SEMESTRE\ESTRUCTURA DE DATOS-7167\copia Estructuras de Datos\datastructure-group1\PARCIAL 1\01.- Operacion Con Fracciones\MiLibreriaTest\UnitTest.cpp(33,1): error C2143: error de sintaxis: falta ';' delante de '}'
